::1 - - [25/Mar/2014:12:37:53 -0400] "GET /phpmyadmin HTTP/1.1" 301 241
::1 - - [25/Mar/2014:12:37:53 -0400] "GET /phpmyadmin/ HTTP/1.1" 200 7984
::1 - - [25/Mar/2014:12:37:54 -0400] "GET /phpmyadmin/themes/pmahomme/img/logo_right.png HTTP/1.1" 200 4548
::1 - - [25/Mar/2014:12:37:54 -0400] "GET /phpmyadmin/themes/pmahomme/jquery/jquery-ui-1.9.2.custom.css HTTP/1.1" 200 32739
::1 - - [25/Mar/2014:12:37:54 -0400] "GET /phpmyadmin/themes/dot.gif HTTP/1.1" 200 43
::1 - - [25/Mar/2014:12:37:54 -0400] "GET /phpmyadmin/phpmyadmin.css.php?server=1&token=c03e595db4ab8ae9f5e8bf62a2635bec&nocache=4185204042ltr HTTP/1.1" 200 92653
::1 - - [25/Mar/2014:12:37:54 -0400] "GET /phpmyadmin/js/get_image.js.php?theme=pmahomme HTTP/1.1" 200 6364
::1 - - [25/Mar/2014:12:37:54 -0400] "GET /phpmyadmin/js/get_scripts.js.php?scripts[]=jquery/jquery-1.8.3.js&scripts[]=ajax.js&scripts[]=keyhandler.js&scripts[]=jquery/jquery-ui-1.9.2.custom.js&scripts[]=jquery/jquery.sprintf.js&scripts[]=jquery/jquery.cookie.js&scripts[]=jquery/jquery.mousewheel.js&scripts[]=jquery/jquery.event.drag-2.2.js&scripts[]=jquery/jquery-ui-timepicker-addon.js&scripts[]=jquery/jquery.ba-hashchange-1.3.js&scripts[]=jquery/jquery.debounce-1.0.5.js&scripts[]=jquery/jquery.menuResizer-1.0.js&scripts[]=rte.js&scripts[]=functions.js&scripts[]=navigation.js&scripts[]=indexes.js&scripts[]=common.js&scripts[]=codemirror/lib/codemirror.js&scripts[]=codemirror/mode/mysql/mysql.js HTTP/1.1" 200 578621
::1 - - [25/Mar/2014:12:37:54 -0400] "GET /phpmyadmin/js/messages.php?lang=en&db=&server=0&token=30e81ad94303dfd99697e5bb0148373a HTTP/1.1" 200 16679
::1 - - [25/Mar/2014:12:37:54 -0400] "GET /phpmyadmin/themes/pmahomme/img/sprites.png HTTP/1.1" 200 61899
::1 - - [25/Mar/2014:12:38:23 -0400] "POST /phpmyadmin/index.php HTTP/1.1" 302 -
::1 - - [25/Mar/2014:12:38:23 -0400] "GET /phpmyadmin/index.php?token=c03e595db4ab8ae9f5e8bf62a2635bec HTTP/1.1" 200 43118
::1 - - [25/Mar/2014:12:38:24 -0400] "GET /phpmyadmin/themes/pmahomme/img/logo_left.png HTTP/1.1" 200 2327
::1 - - [25/Mar/2014:12:38:24 -0400] "GET /phpmyadmin/themes/pmahomme/img/ajax_clock_small.gif HTTP/1.1" 200 1810
::1 - - [25/Mar/2014:12:38:24 -0400] "GET /phpmyadmin/phpmyadmin.css.php?server=1&token=c03e595db4ab8ae9f5e8bf62a2635bec&nocache=5580969545ltr HTTP/1.1" 200 92653
::1 - - [25/Mar/2014:12:38:24 -0400] "GET /phpmyadmin/js/messages.php?lang=en&db=&server=0&token=c03e595db4ab8ae9f5e8bf62a2635bec HTTP/1.1" 200 16679
::1 - - [25/Mar/2014:12:38:24 -0400] "GET /phpmyadmin/themes/pmahomme/img/left_nav_bg.png HTTP/1.1" 200 297
::1 - - [25/Mar/2014:12:38:24 -0400] "GET /phpmyadmin/version_check.php?&_nocache=1395765504462796123 HTTP/1.1" 200 40
::1 - - [25/Mar/2014:12:38:49 -0400] "GET /phpmyadmin/navigation.php?ajax_request=1&token=c03e595db4ab8ae9f5e8bf62a2635bec&aPath=cm9vdA%3D%3D.bG9naW4%3D&vPath=cm9vdA%3D%3D.bG9naW4%3D&pos=0&pos2_name=&pos2_value=&searchClause=&searchClause2=&_nocache=1395765529478498382 HTTP/1.1" 200 1326
::1 - - [25/Mar/2014:12:38:52 -0400] "GET /phpmyadmin/navigation.php?ajax_request=1&token=c03e595db4ab8ae9f5e8bf62a2635bec&aPath=cm9vdA%3D%3D.bG9naW4%3D.dGFibGVz.dXNlcnM%3D&vPath=cm9vdA%3D%3D.bG9naW4%3D.VGFibGVz.dXNlcnM%3D&pos=0&pos2_name=tables&pos2_value=0&searchClause=&searchClause2=&_nocache=1395765532329166654 HTTP/1.1" 200 3359
::1 - - [25/Mar/2014:12:48:26 -0400] "GET /phpmyadmin/server_import.php?db=&token=c03e595db4ab8ae9f5e8bf62a2635bec&ajax_request=true&ajax_page_request=true&menuHashes=dee123c1&_nocache=1395766106696174255 HTTP/1.1" 200 15431
::1 - - [25/Mar/2014:12:48:27 -0400] "GET /phpmyadmin/js/get_scripts.js.php?scripts[]=import.js HTTP/1.1" 200 1584
::1 - - [25/Mar/2014:13:17:41 -0400] "GET / HTTP/1.1" 200 3096
::1 - - [25/Mar/2014:13:17:41 -0400] "GET /css/projectsite_master.css HTTP/1.1" 200 2054
::1 - - [25/Mar/2014:13:17:41 -0400] "GET /css/bootstrap.css HTTP/1.1" 200 133510
::1 - - [25/Mar/2014:13:17:41 -0400] "GET /images/site_title.png HTTP/1.1" 200 5605
::1 - - [25/Mar/2014:13:17:41 -0400] "GET /images/header.jpg HTTP/1.1" 200 41952
::1 - - [25/Mar/2014:13:17:41 -0400] "GET /images/footer.jpg HTTP/1.1" 200 30508
::1 - - [25/Mar/2014:13:17:41 -0400] "GET /favicon.ico HTTP/1.1" 404 209
::1 - - [25/Mar/2014:13:17:46 -0400] "POST /index.php HTTP/1.1" 200 3899
::1 - - [25/Mar/2014:13:17:51 -0400] "GET /moduleManagement.php HTTP/1.1" 200 3530
::1 - - [25/Mar/2014:13:17:55 -0400] "POST /index.php HTTP/1.1" 200 3899
::1 - - [25/Mar/2014:13:17:55 -0400] "GET /css/projectsite_master.css HTTP/1.1" 304 -
::1 - - [25/Mar/2014:13:17:55 -0400] "GET /css/bootstrap.css HTTP/1.1" 304 -
::1 - - [25/Mar/2014:13:17:57 -0400] "GET /studentManagement.php HTTP/1.1" 200 3559
::1 - - [25/Mar/2014:13:17:59 -0400] "GET /teacherWelcome.php HTTP/1.1" 200 2900
::1 - - [25/Mar/2014:13:18:00 -0400] "GET /runAssessment.php HTTP/1.1" 200 4420
::1 - - [25/Mar/2014:13:18:01 -0400] "GET /teacherWelcome.php HTTP/1.1" 200 2900
::1 - - [25/Mar/2014:13:18:02 -0400] "GET /studentWelcome.php HTTP/1.1" 200 2517
::1 - - [25/Mar/2014:13:18:02 -0400] "GET /images/graph1.jpg HTTP/1.1" 200 39266
::1 - - [25/Mar/2014:13:18:02 -0400] "GET /images/graph2.jpg HTTP/1.1" 200 37428
::1 - - [25/Mar/2014:13:18:02 -0400] "GET /images/graph3.jpg HTTP/1.1" 200 36076
::1 - - [25/Mar/2014:13:18:03 -0400] "GET /teacherWelcome.php HTTP/1.1" 200 2900
