2014-03-18 10:25:24 3620 [Note] Plugin 'FEDERATED' is disabled.
2014-03-18 10:25:24 3620 [Note] InnoDB: The InnoDB memory heap is disabled
2014-03-18 10:25:24 3620 [Note] InnoDB: Mutexes and rw_locks use Windows interlocked functions
2014-03-18 10:25:24 3620 [Note] InnoDB: Compressed tables use zlib 1.2.3
2014-03-18 10:25:24 3620 [Note] InnoDB: Not using CPU crc32 instructions
2014-03-18 10:25:24 3620 [Note] InnoDB: Initializing buffer pool, size = 128.0M
2014-03-18 10:25:24 3620 [Note] InnoDB: Completed initialization of buffer pool
2014-03-18 10:25:24 3620 [Note] InnoDB: Highest supported file format is Barracuda.
2014-03-18 10:25:24 3620 [Note] InnoDB: The log sequence numbers 1626646 and 1626646 in ibdata files do not match the log sequence number 1644984 in the ib_logfiles!
2014-03-18 10:25:24 3620 [Note] InnoDB: Database was not shutdown normally!
2014-03-18 10:25:24 3620 [Note] InnoDB: Starting crash recovery.
2014-03-18 10:25:24 3620 [Note] InnoDB: Reading tablespace information from the .ibd files...
2014-03-18 10:25:24 3620 [Note] InnoDB: Restoring possible half-written data pages 
2014-03-18 10:25:24 3620 [Note] InnoDB: from the doublewrite buffer...
2014-03-18 10:25:25 3620 [Note] InnoDB: 128 rollback segment(s) are active.
2014-03-18 10:25:25 3620 [Note] InnoDB: Waiting for purge to start
2014-03-18 10:25:25 3620 [Note] InnoDB: 5.6.13 started; log sequence number 1644984
2014-03-18 10:25:25 3620 [Note] Server hostname (bind-address): '*'; port: 3307
2014-03-18 10:25:25 3620 [Note] IPv6 is available.
2014-03-18 10:25:25 3620 [Note]   - '::' resolves to '::';
2014-03-18 10:25:25 3620 [Note] Server socket created on IP: '::'.
2014-03-18 10:25:27 3620 [Note] Event Scheduler: Loaded 0 events
2014-03-18 10:25:27 3620 [Note] C:\Users\Matthew\Documents\GitHub\TieredLogicPrograms/mysql/bin/mysqld_usbwv8.exe: ready for connections.
Version: '5.6.13'  socket: ''  port: 3307  MySQL Community Server (GPL)
2014-03-18 11:28:43 6904 [Note] Plugin 'FEDERATED' is disabled.
2014-03-18 11:28:43 6904 [Note] InnoDB: The InnoDB memory heap is disabled
2014-03-18 11:28:43 6904 [Note] InnoDB: Mutexes and rw_locks use Windows interlocked functions
2014-03-18 11:28:43 6904 [Note] InnoDB: Compressed tables use zlib 1.2.3
2014-03-18 11:28:43 6904 [Note] InnoDB: Not using CPU crc32 instructions
2014-03-18 11:28:43 6904 [Note] InnoDB: Initializing buffer pool, size = 128.0M
2014-03-18 11:28:43 6904 [Note] InnoDB: Completed initialization of buffer pool
2014-03-18 11:28:43 6904 [Note] InnoDB: Highest supported file format is Barracuda.
2014-03-18 11:28:43 6904 [Note] InnoDB: The log sequence numbers 1626646 and 1626646 in ibdata files do not match the log sequence number 1645320 in the ib_logfiles!
2014-03-18 11:28:43 6904 [Note] InnoDB: Database was not shutdown normally!
2014-03-18 11:28:43 6904 [Note] InnoDB: Starting crash recovery.
2014-03-18 11:28:43 6904 [Note] InnoDB: Reading tablespace information from the .ibd files...
2014-03-18 11:28:43 6904 [Note] InnoDB: Restoring possible half-written data pages 
2014-03-18 11:28:43 6904 [Note] InnoDB: from the doublewrite buffer...
2014-03-18 11:28:44 6904 [Note] InnoDB: 128 rollback segment(s) are active.
2014-03-18 11:28:44 6904 [Note] InnoDB: Waiting for purge to start
2014-03-18 11:28:44 6904 [Note] InnoDB: 5.6.13 started; log sequence number 1645320
2014-03-18 11:28:44 6904 [Note] Server hostname (bind-address): '*'; port: 3307
2014-03-18 11:28:44 6904 [Note] IPv6 is available.
2014-03-18 11:28:44 6904 [Note]   - '::' resolves to '::';
2014-03-18 11:28:44 6904 [Note] Server socket created on IP: '::'.
2014-03-18 11:28:46 6904 [Note] Event Scheduler: Loaded 0 events
2014-03-18 11:28:46 6904 [Note] C:\Users\Matthew\Documents\GitHub\TieredLogicPrograms/mysql/bin/mysqld_usbwv8.exe: ready for connections.
Version: '5.6.13'  socket: ''  port: 3307  MySQL Community Server (GPL)
