2014-03-15 15:32:49 18912 [Note] Plugin 'FEDERATED' is disabled.
2014-03-15 15:32:49 18912 [Note] InnoDB: The InnoDB memory heap is disabled
2014-03-15 15:32:49 18912 [Note] InnoDB: Mutexes and rw_locks use Windows interlocked functions
2014-03-15 15:32:49 18912 [Note] InnoDB: Compressed tables use zlib 1.2.3
2014-03-15 15:32:49 18912 [Note] InnoDB: Not using CPU crc32 instructions
2014-03-15 15:32:49 18912 [Note] InnoDB: Initializing buffer pool, size = 128.0M
2014-03-15 15:32:49 18912 [Note] InnoDB: Completed initialization of buffer pool
2014-03-15 15:32:49 18912 [Note] InnoDB: Setting log file C:\Users\Ron\Desktop\USBWebserver v8.6\mysql\data\ib_logfile101 size to 5 MB
2014-03-15 15:32:50 18912 [Note] InnoDB: Setting log file C:\Users\Ron\Desktop\USBWebserver v8.6\mysql\data\ib_logfile1 size to 5 MB
2014-03-15 15:32:50 18912 [Note] InnoDB: Renaming log file C:\Users\Ron\Desktop\USBWebserver v8.6\mysql\data\ib_logfile101 to C:\Users\Ron\Desktop\USBWebserver v8.6\mysql\data\ib_logfile0
2014-03-15 15:32:50 18912 [Warning] InnoDB: New log files created, LSN=1626134
2014-03-15 15:32:50 18912 [Note] InnoDB: Highest supported file format is Barracuda.
2014-03-15 15:32:51 18912 [Note] InnoDB: 128 rollback segment(s) are active.
2014-03-15 15:32:51 18912 [Note] InnoDB: Waiting for purge to start
2014-03-15 15:32:51 18912 [Note] InnoDB: 5.6.13 started; log sequence number 1626636
2014-03-15 15:32:51 18912 [Warning] No existing UUID has been found, so we assume that this is the first time that this server has been started. Generating a new UUID: 98d52c84-ac78-11e3-a783-02004c4f4f50.
2014-03-15 15:32:51 18912 [Note] Server hostname (bind-address): '*'; port: 3307
2014-03-15 15:32:51 18912 [Note] IPv6 is available.
2014-03-15 15:32:51 18912 [Note]   - '::' resolves to '::';
2014-03-15 15:32:51 18912 [Note] Server socket created on IP: '::'.
2014-03-15 15:32:51 18912 [ERROR] Can't start server: Bind on TCP/IP port: No such file or directory
2014-03-15 15:32:51 18912 [ERROR] Do you already have another mysqld server running on port: 3307 ?
2014-03-15 15:32:51 18912 [ERROR] Aborting

2014-03-15 15:32:51 18912 [Note] Binlog end
2014-03-15 15:32:51 18912 [Note] Shutting down plugin 'partition'
2014-03-15 15:32:51 18912 [Note] Shutting down plugin 'PERFORMANCE_SCHEMA'
2014-03-15 15:32:51 18912 [Note] Shutting down plugin 'INNODB_SYS_DATAFILES'
2014-03-15 15:32:51 18912 [Note] Shutting down plugin 'INNODB_SYS_TABLESPACES'
2014-03-15 15:32:51 18912 [Note] Shutting down plugin 'INNODB_SYS_FOREIGN_COLS'
2014-03-15 15:32:51 18912 [Note] Shutting down plugin 'INNODB_SYS_FOREIGN'
2014-03-15 15:32:51 18912 [Note] Shutting down plugin 'INNODB_SYS_FIELDS'
2014-03-15 15:32:51 18912 [Note] Shutting down plugin 'INNODB_SYS_COLUMNS'
2014-03-15 15:32:51 18912 [Note] Shutting down plugin 'INNODB_SYS_INDEXES'
2014-03-15 15:32:51 18912 [Note] Shutting down plugin 'INNODB_SYS_TABLESTATS'
2014-03-15 15:32:51 18912 [Note] Shutting down plugin 'INNODB_SYS_TABLES'
2014-03-15 15:32:51 18912 [Note] Shutting down plugin 'INNODB_FT_INDEX_TABLE'
2014-03-15 15:32:51 18912 [Note] Shutting down plugin 'INNODB_FT_INDEX_CACHE'
2014-03-15 15:32:51 18912 [Note] Shutting down plugin 'INNODB_FT_CONFIG'
2014-03-15 15:32:51 18912 [Note] Shutting down plugin 'INNODB_FT_BEING_DELETED'
2014-03-15 15:32:51 18912 [Note] Shutting down plugin 'INNODB_FT_DELETED'
2014-03-15 15:32:51 18912 [Note] Shutting down plugin 'INNODB_FT_DEFAULT_STOPWORD'
2014-03-15 15:32:51 18912 [Note] Shutting down plugin 'INNODB_METRICS'
2014-03-15 15:32:51 18912 [Note] Shutting down plugin 'INNODB_BUFFER_POOL_STATS'
2014-03-15 15:32:51 18912 [Note] Shutting down plugin 'INNODB_BUFFER_PAGE_LRU'
2014-03-15 15:32:51 18912 [Note] Shutting down plugin 'INNODB_BUFFER_PAGE'
2014-03-15 15:32:51 18912 [Note] Shutting down plugin 'INNODB_CMP_PER_INDEX_RESET'
2014-03-15 15:32:51 18912 [Note] Shutting down plugin 'INNODB_CMP_PER_INDEX'
2014-03-15 15:32:51 18912 [Note] Shutting down plugin 'INNODB_CMPMEM_RESET'
2014-03-15 15:32:51 18912 [Note] Shutting down plugin 'INNODB_CMPMEM'
2014-03-15 15:32:51 18912 [Note] Shutting down plugin 'INNODB_CMP_RESET'
2014-03-15 15:32:51 18912 [Note] Shutting down plugin 'INNODB_CMP'
2014-03-15 15:32:51 18912 [Note] Shutting down plugin 'INNODB_LOCK_WAITS'
2014-03-15 15:32:51 18912 [Note] Shutting down plugin 'INNODB_LOCKS'
2014-03-15 15:32:51 18912 [Note] Shutting down plugin 'INNODB_TRX'
2014-03-15 15:32:51 18912 [Note] Shutting down plugin 'InnoDB'
2014-03-15 15:32:51 18912 [Note] InnoDB: FTS optimize thread exiting.
2014-03-15 15:32:51 18912 [Note] InnoDB: Starting shutdown...
2014-03-15 15:32:52 18912 [Note] InnoDB: Shutdown completed; log sequence number 1626646
2014-03-15 15:32:52 18912 [Note] Shutting down plugin 'BLACKHOLE'
2014-03-15 15:32:52 18912 [Note] Shutting down plugin 'ARCHIVE'
2014-03-15 15:32:52 18912 [Note] Shutting down plugin 'MRG_MYISAM'
2014-03-15 15:32:52 18912 [Note] Shutting down plugin 'MyISAM'
2014-03-15 15:32:52 18912 [Note] Shutting down plugin 'MEMORY'
2014-03-15 15:32:52 18912 [Note] Shutting down plugin 'CSV'
2014-03-15 15:32:52 18912 [Note] Shutting down plugin 'sha256_password'
2014-03-15 15:32:52 18912 [Note] Shutting down plugin 'mysql_old_password'
2014-03-15 15:32:52 18912 [Note] Shutting down plugin 'mysql_native_password'
2014-03-15 15:32:52 18912 [Note] Shutting down plugin 'binlog'
2014-03-15 15:32:52 18912 [Note] C:\Users\Ron\Desktop\USBWebserver v8.6/mysql/bin/mysqld_usbwv8.exe: Shutdown complete

2014-03-15 15:33:15 19348 [Note] Plugin 'FEDERATED' is disabled.
2014-03-15 15:33:15 19348 [Note] InnoDB: The InnoDB memory heap is disabled
2014-03-15 15:33:15 19348 [Note] InnoDB: Mutexes and rw_locks use Windows interlocked functions
2014-03-15 15:33:15 19348 [Note] InnoDB: Compressed tables use zlib 1.2.3
2014-03-15 15:33:15 19348 [Note] InnoDB: Not using CPU crc32 instructions
2014-03-15 15:33:15 19348 [Note] InnoDB: Initializing buffer pool, size = 128.0M
2014-03-15 15:33:15 19348 [Note] InnoDB: Completed initialization of buffer pool
2014-03-15 15:33:15 19348 [Note] InnoDB: Highest supported file format is Barracuda.
2014-03-15 15:33:16 19348 [Note] InnoDB: 128 rollback segment(s) are active.
2014-03-15 15:33:16 19348 [Note] InnoDB: Waiting for purge to start
2014-03-15 15:33:16 19348 [Note] InnoDB: 5.6.13 started; log sequence number 1626646
2014-03-15 15:33:16 19348 [Note] Server hostname (bind-address): '*'; port: 3307
2014-03-15 15:33:16 19348 [Note] IPv6 is available.
2014-03-15 15:33:16 19348 [Note]   - '::' resolves to '::';
2014-03-15 15:33:16 19348 [Note] Server socket created on IP: '::'.
2014-03-15 15:33:16 19348 [Note] Event Scheduler: Loaded 0 events
2014-03-15 15:33:16 19348 [Note] C:\Users\Ron\Desktop\USBWebserver v8.6/mysql/bin/mysqld_usbwv8.exe: ready for connections.
Version: '5.6.13'  socket: ''  port: 3307  MySQL Community Server (GPL)
2014-03-15 15:33:29 18336 [Note] Plugin 'FEDERATED' is disabled.
2014-03-15 15:33:29 18336 [Note] InnoDB: The InnoDB memory heap is disabled
2014-03-15 15:33:29 18336 [Note] InnoDB: Mutexes and rw_locks use Windows interlocked functions
2014-03-15 15:33:29 18336 [Note] InnoDB: Compressed tables use zlib 1.2.3
2014-03-15 15:33:29 18336 [Note] InnoDB: Not using CPU crc32 instructions
2014-03-15 15:33:29 18336 [Note] InnoDB: Initializing buffer pool, size = 128.0M
2014-03-15 15:33:29 18336 [Note] InnoDB: Completed initialization of buffer pool
2014-03-15 15:33:29 18336 [Note] InnoDB: Highest supported file format is Barracuda.
2014-03-15 15:33:29 18336 [Note] InnoDB: The log sequence numbers 1626646 and 1626646 in ibdata files do not match the log sequence number 1626656 in the ib_logfiles!
2014-03-15 15:33:29 18336 [Note] InnoDB: Database was not shutdown normally!
2014-03-15 15:33:29 18336 [Note] InnoDB: Starting crash recovery.
2014-03-15 15:33:29 18336 [Note] InnoDB: Reading tablespace information from the .ibd files...
2014-03-15 15:33:29 18336 [Note] InnoDB: Restoring possible half-written data pages 
2014-03-15 15:33:29 18336 [Note] InnoDB: from the doublewrite buffer...
2014-03-15 15:33:30 18336 [Note] InnoDB: 128 rollback segment(s) are active.
2014-03-15 15:33:30 18336 [Note] InnoDB: Waiting for purge to start
2014-03-15 15:33:30 18336 [Note] InnoDB: 5.6.13 started; log sequence number 1626656
2014-03-15 15:33:30 18336 [Note] Server hostname (bind-address): '*'; port: 3307
2014-03-15 15:33:30 18336 [Note] IPv6 is available.
2014-03-15 15:33:30 18336 [Note]   - '::' resolves to '::';
2014-03-15 15:33:30 18336 [Note] Server socket created on IP: '::'.
2014-03-15 15:33:30 18336 [Note] Event Scheduler: Loaded 0 events
2014-03-15 15:33:30 18336 [Note] C:\Users\Ron\Desktop\USBWebserver v8.6/mysql/bin/mysqld_usbwv8.exe: ready for connections.
Version: '5.6.13'  socket: ''  port: 3307  MySQL Community Server (GPL)
2014-03-15 15:55:48 15668 [Note] Plugin 'FEDERATED' is disabled.
2014-03-15 15:55:48 15668 [Note] InnoDB: The InnoDB memory heap is disabled
2014-03-15 15:55:48 15668 [Note] InnoDB: Mutexes and rw_locks use Windows interlocked functions
2014-03-15 15:55:48 15668 [Note] InnoDB: Compressed tables use zlib 1.2.3
2014-03-15 15:55:48 15668 [Note] InnoDB: Not using CPU crc32 instructions
2014-03-15 15:55:48 15668 [Note] InnoDB: Initializing buffer pool, size = 128.0M
2014-03-15 15:55:48 15668 [Note] InnoDB: Completed initialization of buffer pool
2014-03-15 15:55:48 15668 [Note] InnoDB: Highest supported file format is Barracuda.
2014-03-15 15:55:48 15668 [Note] InnoDB: The log sequence numbers 1626646 and 1626646 in ibdata files do not match the log sequence number 1626666 in the ib_logfiles!
2014-03-15 15:55:48 15668 [Note] InnoDB: Database was not shutdown normally!
2014-03-15 15:55:48 15668 [Note] InnoDB: Starting crash recovery.
2014-03-15 15:55:48 15668 [Note] InnoDB: Reading tablespace information from the .ibd files...
2014-03-15 15:55:48 15668 [Note] InnoDB: Restoring possible half-written data pages 
2014-03-15 15:55:48 15668 [Note] InnoDB: from the doublewrite buffer...
2014-03-15 15:55:49 15668 [Note] InnoDB: 128 rollback segment(s) are active.
2014-03-15 15:55:49 15668 [Note] InnoDB: Waiting for purge to start
2014-03-15 15:55:49 15668 [Note] InnoDB: 5.6.13 started; log sequence number 1626666
2014-03-15 15:55:49 15668 [Note] Server hostname (bind-address): '*'; port: 3307
2014-03-15 15:55:49 15668 [Note] IPv6 is available.
2014-03-15 15:55:49 15668 [Note]   - '::' resolves to '::';
2014-03-15 15:55:49 15668 [Note] Server socket created on IP: '::'.
2014-03-15 15:55:49 15668 [Note] Event Scheduler: Loaded 0 events
2014-03-15 15:55:49 15668 [Note] C:\Users\Ron\Desktop\USBWebserver v8.6/mysql/bin/mysqld_usbwv8.exe: ready for connections.
Version: '5.6.13'  socket: ''  port: 3307  MySQL Community Server (GPL)
2014-03-15 18:09:00 17224 [Note] Plugin 'FEDERATED' is disabled.
2014-03-15 18:09:00 17224 [Note] InnoDB: The InnoDB memory heap is disabled
2014-03-15 18:09:00 17224 [Note] InnoDB: Mutexes and rw_locks use Windows interlocked functions
2014-03-15 18:09:00 17224 [Note] InnoDB: Compressed tables use zlib 1.2.3
2014-03-15 18:09:00 17224 [Note] InnoDB: Not using CPU crc32 instructions
2014-03-15 18:09:00 17224 [Note] InnoDB: Initializing buffer pool, size = 128.0M
2014-03-15 18:09:00 17224 [Note] InnoDB: Completed initialization of buffer pool
2014-03-15 18:09:00 17224 [Note] InnoDB: Highest supported file format is Barracuda.
2014-03-15 18:09:00 17224 [Note] InnoDB: The log sequence numbers 1626646 and 1626646 in ibdata files do not match the log sequence number 1644326 in the ib_logfiles!
2014-03-15 18:09:00 17224 [Note] InnoDB: Database was not shutdown normally!
2014-03-15 18:09:00 17224 [Note] InnoDB: Starting crash recovery.
2014-03-15 18:09:00 17224 [Note] InnoDB: Reading tablespace information from the .ibd files...
2014-03-15 18:09:00 17224 [Note] InnoDB: Restoring possible half-written data pages 
2014-03-15 18:09:00 17224 [Note] InnoDB: from the doublewrite buffer...
2014-03-15 18:09:01 17224 [Note] InnoDB: 128 rollback segment(s) are active.
2014-03-15 18:09:01 17224 [Note] InnoDB: Waiting for purge to start
2014-03-15 18:09:01 17224 [Note] InnoDB: 5.6.13 started; log sequence number 1644326
2014-03-15 18:09:01 17224 [Note] Server hostname (bind-address): '*'; port: 3307
2014-03-15 18:09:01 17224 [Note] IPv6 is available.
2014-03-15 18:09:01 17224 [Note]   - '::' resolves to '::';
2014-03-15 18:09:01 17224 [Note] Server socket created on IP: '::'.
2014-03-15 18:09:01 17224 [Note] Event Scheduler: Loaded 0 events
2014-03-15 18:09:01 17224 [Note] C:\Users\Ron\Desktop\USBWebserver v8.6/mysql/bin/mysqld_usbwv8.exe: ready for connections.
Version: '5.6.13'  socket: ''  port: 3307  MySQL Community Server (GPL)
2014-03-15 18:12:24 25036 [Note] Plugin 'FEDERATED' is disabled.
2014-03-15 18:12:24 25036 [Note] InnoDB: The InnoDB memory heap is disabled
2014-03-15 18:12:24 25036 [Note] InnoDB: Mutexes and rw_locks use Windows interlocked functions
2014-03-15 18:12:24 25036 [Note] InnoDB: Compressed tables use zlib 1.2.3
2014-03-15 18:12:24 25036 [Note] InnoDB: Not using CPU crc32 instructions
2014-03-15 18:12:24 25036 [Note] InnoDB: Initializing buffer pool, size = 128.0M
2014-03-15 18:12:24 25036 [Note] InnoDB: Completed initialization of buffer pool
2014-03-15 18:12:25 25036 [Note] InnoDB: Highest supported file format is Barracuda.
2014-03-15 18:12:25 25036 [Note] InnoDB: The log sequence numbers 1626646 and 1626646 in ibdata files do not match the log sequence number 1644336 in the ib_logfiles!
2014-03-15 18:12:25 25036 [Note] InnoDB: Database was not shutdown normally!
2014-03-15 18:12:25 25036 [Note] InnoDB: Starting crash recovery.
2014-03-15 18:12:25 25036 [Note] InnoDB: Reading tablespace information from the .ibd files...
2014-03-15 18:12:25 25036 [Note] InnoDB: Restoring possible half-written data pages 
2014-03-15 18:12:25 25036 [Note] InnoDB: from the doublewrite buffer...
2014-03-15 18:12:26 25036 [Note] InnoDB: 128 rollback segment(s) are active.
2014-03-15 18:12:26 25036 [Note] InnoDB: Waiting for purge to start
2014-03-15 18:12:26 25036 [Note] InnoDB: 5.6.13 started; log sequence number 1644336
2014-03-15 18:12:26 25036 [Note] Server hostname (bind-address): '*'; port: 3307
2014-03-15 18:12:26 25036 [Note] IPv6 is available.
2014-03-15 18:12:26 25036 [Note]   - '::' resolves to '::';
2014-03-15 18:12:26 25036 [Note] Server socket created on IP: '::'.
2014-03-15 18:12:26 25036 [Note] Event Scheduler: Loaded 0 events
2014-03-15 18:12:26 25036 [Note] C:\Users\Ron\Desktop\USBWebserver v8.6/mysql/bin/mysqld_usbwv8.exe: ready for connections.
Version: '5.6.13'  socket: ''  port: 3307  MySQL Community Server (GPL)
2014-03-31 10:46:40 6896 [Note] Plugin 'FEDERATED' is disabled.
2014-03-31 10:46:40 6896 [Note] InnoDB: The InnoDB memory heap is disabled
2014-03-31 10:46:40 6896 [Note] InnoDB: Mutexes and rw_locks use Windows interlocked functions
2014-03-31 10:46:40 6896 [Note] InnoDB: Compressed tables use zlib 1.2.3
2014-03-31 10:46:40 6896 [Note] InnoDB: Not using CPU crc32 instructions
2014-03-31 10:46:40 6896 [Note] InnoDB: Initializing buffer pool, size = 128.0M
2014-03-31 10:46:40 6896 [Note] InnoDB: Completed initialization of buffer pool
2014-03-31 10:46:40 6896 [Note] InnoDB: Highest supported file format is Barracuda.
2014-03-31 10:46:40 6896 [Note] InnoDB: The log sequence numbers 1626134 and 1626134 in ibdata files do not match the log sequence number 1657633 in the ib_logfiles!
2014-03-31 10:46:40 6896 [Note] InnoDB: Database was not shutdown normally!
2014-03-31 10:46:40 6896 [Note] InnoDB: Starting crash recovery.
2014-03-31 10:46:40 6896 [Note] InnoDB: Reading tablespace information from the .ibd files...
2014-03-31 10:46:40 6896 [Note] InnoDB: Restoring possible half-written data pages 
2014-03-31 10:46:40 6896 [Note] InnoDB: from the doublewrite buffer...
2014-03-31 10:46:40 6896 [Note] InnoDB: 128 rollback segment(s) are active.
2014-03-31 10:46:40 6896 [Note] InnoDB: Waiting for purge to start
2014-03-31 10:46:40 6896 [Note] InnoDB: 5.6.13 started; log sequence number 1657633
2014-03-31 10:46:40 6896 [Note] Server hostname (bind-address): '*'; port: 3307
2014-03-31 10:46:40 6896 [Note] IPv6 is available.
2014-03-31 10:46:40 6896 [Note]   - '::' resolves to '::';
2014-03-31 10:46:40 6896 [Note] Server socket created on IP: '::'.
2014-03-31 10:46:40 6896 [Note] Event Scheduler: Loaded 0 events
2014-03-31 10:46:40 6896 [Note] C:\Users\Ron\Documents\GitHub\TieredLogicPrograms/mysql/bin/mysqld_usbwv8.exe: ready for connections.
Version: '5.6.13'  socket: ''  port: 3307  MySQL Community Server (GPL)
2014-03-31 18:29:50 6600 [Note] Plugin 'FEDERATED' is disabled.
2014-03-31 18:29:50 6600 [Note] InnoDB: The InnoDB memory heap is disabled
2014-03-31 18:29:50 6600 [Note] InnoDB: Mutexes and rw_locks use Windows interlocked functions
2014-03-31 18:29:50 6600 [Note] InnoDB: Compressed tables use zlib 1.2.3
2014-03-31 18:29:50 6600 [Note] InnoDB: Not using CPU crc32 instructions
2014-03-31 18:29:50 6600 [Note] InnoDB: Initializing buffer pool, size = 128.0M
2014-03-31 18:29:50 6600 [Note] InnoDB: Completed initialization of buffer pool
2014-03-31 18:29:50 6600 [Note] InnoDB: Highest supported file format is Barracuda.
2014-03-31 18:29:50 6600 [Note] InnoDB: The log sequence numbers 1626134 and 1626134 in ibdata files do not match the log sequence number 1657969 in the ib_logfiles!
2014-03-31 18:29:50 6600 [Note] InnoDB: Database was not shutdown normally!
2014-03-31 18:29:50 6600 [Note] InnoDB: Starting crash recovery.
2014-03-31 18:29:51 6600 [Note] InnoDB: Reading tablespace information from the .ibd files...
2014-03-31 18:29:51 6600 [Note] InnoDB: Restoring possible half-written data pages 
2014-03-31 18:29:51 6600 [Note] InnoDB: from the doublewrite buffer...
2014-03-31 18:29:51 6600 [Note] InnoDB: 128 rollback segment(s) are active.
2014-03-31 18:29:51 6600 [Note] InnoDB: Waiting for purge to start
2014-03-31 18:29:51 6600 [Note] InnoDB: 5.6.13 started; log sequence number 1657969
2014-03-31 18:29:51 6600 [Note] Server hostname (bind-address): '*'; port: 3307
2014-03-31 18:29:51 6600 [Note] IPv6 is available.
2014-03-31 18:29:51 6600 [Note]   - '::' resolves to '::';
2014-03-31 18:29:51 6600 [Note] Server socket created on IP: '::'.
2014-03-31 18:29:52 6600 [Note] Event Scheduler: Loaded 0 events
2014-03-31 18:29:52 6600 [Note] C:\Users\Ron\Documents\GitHub\TieredLogicPrograms/mysql/bin/mysqld_usbwv8.exe: ready for connections.
Version: '5.6.13'  socket: ''  port: 3307  MySQL Community Server (GPL)
2014-04-01 12:08:40 4736 [Note] Plugin 'FEDERATED' is disabled.
2014-04-01 12:08:40 4736 [Note] InnoDB: The InnoDB memory heap is disabled
2014-04-01 12:08:40 4736 [Note] InnoDB: Mutexes and rw_locks use Windows interlocked functions
2014-04-01 12:08:40 4736 [Note] InnoDB: Compressed tables use zlib 1.2.3
2014-04-01 12:08:40 4736 [Note] InnoDB: Not using CPU crc32 instructions
2014-04-01 12:08:40 4736 [Note] InnoDB: Initializing buffer pool, size = 128.0M
2014-04-01 12:08:40 4736 [Note] InnoDB: Completed initialization of buffer pool
2014-04-01 12:08:40 4736 [Note] InnoDB: Highest supported file format is Barracuda.
2014-04-01 12:08:40 4736 [Note] InnoDB: The log sequence numbers 1626134 and 1626134 in ibdata files do not match the log sequence number 1731392 in the ib_logfiles!
2014-04-01 12:08:40 4736 [Note] InnoDB: Database was not shutdown normally!
2014-04-01 12:08:40 4736 [Note] InnoDB: Starting crash recovery.
2014-04-01 12:08:40 4736 [Note] InnoDB: Reading tablespace information from the .ibd files...
2014-04-01 12:08:40 4736 [Note] InnoDB: Restoring possible half-written data pages 
2014-04-01 12:08:40 4736 [Note] InnoDB: from the doublewrite buffer...
2014-04-01 12:08:42 4736 [Note] InnoDB: 128 rollback segment(s) are active.
2014-04-01 12:08:42 4736 [Note] InnoDB: Waiting for purge to start
2014-04-01 12:08:42 4736 [Note] InnoDB: 5.6.13 started; log sequence number 1731392
2014-04-01 12:08:42 4736 [Note] Server hostname (bind-address): '*'; port: 3307
2014-04-01 12:08:42 4736 [Note] IPv6 is available.
2014-04-01 12:08:42 4736 [Note]   - '::' resolves to '::';
2014-04-01 12:08:42 4736 [Note] Server socket created on IP: '::'.
2014-04-01 12:08:44 4736 [Note] Event Scheduler: Loaded 0 events
2014-04-01 12:08:44 4736 [Note] C:\Users\Ron\Documents\GitHub\TieredLogicPrograms/mysql/bin/mysqld_usbwv8.exe: ready for connections.
Version: '5.6.13'  socket: ''  port: 3307  MySQL Community Server (GPL)
2014-04-01 14:06:49 4640 [Note] Plugin 'FEDERATED' is disabled.
2014-04-01 14:06:49 4640 [Note] InnoDB: The InnoDB memory heap is disabled
2014-04-01 14:06:49 4640 [Note] InnoDB: Mutexes and rw_locks use Windows interlocked functions
2014-04-01 14:06:49 4640 [Note] InnoDB: Compressed tables use zlib 1.2.3
2014-04-01 14:06:49 4640 [Note] InnoDB: Not using CPU crc32 instructions
2014-04-01 14:06:49 4640 [Note] InnoDB: Initializing buffer pool, size = 128.0M
2014-04-01 14:06:49 4640 [Note] InnoDB: Completed initialization of buffer pool
2014-04-01 14:06:49 4640 [Note] InnoDB: Highest supported file format is Barracuda.
2014-04-01 14:06:49 4640 [Note] InnoDB: The log sequence numbers 1626134 and 1626134 in ibdata files do not match the log sequence number 1910132 in the ib_logfiles!
2014-04-01 14:06:49 4640 [Note] InnoDB: Database was not shutdown normally!
2014-04-01 14:06:49 4640 [Note] InnoDB: Starting crash recovery.
2014-04-01 14:06:49 4640 [Note] InnoDB: Reading tablespace information from the .ibd files...
2014-04-01 14:06:49 4640 [Note] InnoDB: Restoring possible half-written data pages 
2014-04-01 14:06:49 4640 [Note] InnoDB: from the doublewrite buffer...
2014-04-01 14:06:50 4640 [Note] InnoDB: 128 rollback segment(s) are active.
2014-04-01 14:06:50 4640 [Note] InnoDB: Waiting for purge to start
2014-04-01 14:06:50 4640 [Note] InnoDB: 5.6.13 started; log sequence number 1910132
2014-04-01 14:06:50 4640 [Note] Server hostname (bind-address): '*'; port: 3307
2014-04-01 14:06:50 4640 [Note] IPv6 is available.
2014-04-01 14:06:50 4640 [Note]   - '::' resolves to '::';
2014-04-01 14:06:50 4640 [Note] Server socket created on IP: '::'.
2014-04-01 14:06:50 4640 [Note] Event Scheduler: Loaded 0 events
2014-04-01 14:06:50 4640 [Note] C:\Users\Ron\Documents\GitHub\TieredLogicPrograms/mysql/bin/mysqld_usbwv8.exe: ready for connections.
Version: '5.6.13'  socket: ''  port: 3307  MySQL Community Server (GPL)
2014-04-01 14:22:20 7116 [Note] Plugin 'FEDERATED' is disabled.
2014-04-01 14:22:20 7116 [Note] InnoDB: The InnoDB memory heap is disabled
2014-04-01 14:22:20 7116 [Note] InnoDB: Mutexes and rw_locks use Windows interlocked functions
2014-04-01 14:22:20 7116 [Note] InnoDB: Compressed tables use zlib 1.2.3
2014-04-01 14:22:20 7116 [Note] InnoDB: Not using CPU crc32 instructions
2014-04-01 14:22:20 7116 [Note] InnoDB: Initializing buffer pool, size = 128.0M
2014-04-01 14:22:20 7116 [Note] InnoDB: Completed initialization of buffer pool
2014-04-01 14:22:20 7116 [Note] InnoDB: Highest supported file format is Barracuda.
2014-04-01 14:22:20 7116 [Note] InnoDB: The log sequence numbers 1626134 and 1626134 in ibdata files do not match the log sequence number 1910142 in the ib_logfiles!
2014-04-01 14:22:20 7116 [Note] InnoDB: Database was not shutdown normally!
2014-04-01 14:22:20 7116 [Note] InnoDB: Starting crash recovery.
2014-04-01 14:22:20 7116 [Note] InnoDB: Reading tablespace information from the .ibd files...
2014-04-01 14:22:20 7116 [Note] InnoDB: Restoring possible half-written data pages 
2014-04-01 14:22:20 7116 [Note] InnoDB: from the doublewrite buffer...
2014-04-01 14:22:21 7116 [Note] InnoDB: 128 rollback segment(s) are active.
2014-04-01 14:22:21 7116 [Note] InnoDB: Waiting for purge to start
2014-04-01 14:22:21 7116 [Note] InnoDB: 5.6.13 started; log sequence number 1910142
2014-04-01 14:22:21 7116 [Note] Server hostname (bind-address): '*'; port: 3307
2014-04-01 14:22:21 7116 [Note] IPv6 is available.
2014-04-01 14:22:21 7116 [Note]   - '::' resolves to '::';
2014-04-01 14:22:21 7116 [Note] Server socket created on IP: '::'.
2014-04-01 14:22:21 7116 [Note] Event Scheduler: Loaded 0 events
2014-04-01 14:22:21 7116 [Note] C:\Users\Ron\Documents\GitHub\TieredLogicPrograms/mysql/bin/mysqld_usbwv8.exe: ready for connections.
Version: '5.6.13'  socket: ''  port: 3307  MySQL Community Server (GPL)
2014-04-01 14:36:11 f4c  InnoDB: Error: in ALTER TABLE `login`.`module`
InnoDB: has or is referenced in foreign key constraints
InnoDB: which are not compatible with the new table definition.
2014-04-01 15:03:54 6436 [Note] Plugin 'FEDERATED' is disabled.
2014-04-01 15:03:54 6436 [Note] InnoDB: The InnoDB memory heap is disabled
2014-04-01 15:03:54 6436 [Note] InnoDB: Mutexes and rw_locks use Windows interlocked functions
2014-04-01 15:03:54 6436 [Note] InnoDB: Compressed tables use zlib 1.2.3
2014-04-01 15:03:54 6436 [Note] InnoDB: Not using CPU crc32 instructions
2014-04-01 15:03:54 6436 [Note] InnoDB: Initializing buffer pool, size = 128.0M
2014-04-01 15:03:54 6436 [Note] InnoDB: Completed initialization of buffer pool
2014-04-01 15:03:54 6436 [Note] InnoDB: Highest supported file format is Barracuda.
2014-04-01 15:03:54 6436 [Note] InnoDB: The log sequence numbers 1626134 and 1626134 in ibdata files do not match the log sequence number 2237505 in the ib_logfiles!
2014-04-01 15:03:54 6436 [Note] InnoDB: Database was not shutdown normally!
2014-04-01 15:03:54 6436 [Note] InnoDB: Starting crash recovery.
2014-04-01 15:03:54 6436 [Note] InnoDB: Reading tablespace information from the .ibd files...
2014-04-01 15:03:54 6436 [Note] InnoDB: Restoring possible half-written data pages 
2014-04-01 15:03:54 6436 [Note] InnoDB: from the doublewrite buffer...
2014-04-01 15:03:55 6436 [Note] InnoDB: 128 rollback segment(s) are active.
2014-04-01 15:03:55 6436 [Note] InnoDB: Waiting for purge to start
2014-04-01 15:03:55 6436 [Note] InnoDB: 5.6.13 started; log sequence number 2237505
2014-04-01 15:03:55 6436 [Note] Server hostname (bind-address): '*'; port: 3307
2014-04-01 15:03:55 6436 [Note] IPv6 is available.
2014-04-01 15:03:55 6436 [Note]   - '::' resolves to '::';
2014-04-01 15:03:55 6436 [Note] Server socket created on IP: '::'.
2014-04-01 15:03:55 6436 [Note] Event Scheduler: Loaded 0 events
2014-04-01 15:03:55 6436 [Note] C:\Users\Ron\Documents\GitHub\TieredLogicPrograms/mysql/bin/mysqld_usbwv8.exe: ready for connections.
Version: '5.6.13'  socket: ''  port: 3307  MySQL Community Server (GPL)
2014-04-01 15:36:29 1904 [Note] Plugin 'FEDERATED' is disabled.
2014-04-01 15:36:29 1904 [Note] InnoDB: The InnoDB memory heap is disabled
2014-04-01 15:36:29 1904 [Note] InnoDB: Mutexes and rw_locks use Windows interlocked functions
2014-04-01 15:36:29 1904 [Note] InnoDB: Compressed tables use zlib 1.2.3
2014-04-01 15:36:29 1904 [Note] InnoDB: Not using CPU crc32 instructions
2014-04-01 15:36:29 1904 [Note] InnoDB: Initializing buffer pool, size = 128.0M
2014-04-01 15:36:29 1904 [Note] InnoDB: Completed initialization of buffer pool
2014-04-01 15:36:29 1904 [Note] InnoDB: Highest supported file format is Barracuda.
2014-04-01 15:36:29 1904 [Note] InnoDB: The log sequence numbers 1626134 and 1626134 in ibdata files do not match the log sequence number 2237505 in the ib_logfiles!
2014-04-01 15:36:29 1904 [Note] InnoDB: Database was not shutdown normally!
2014-04-01 15:36:29 1904 [Note] InnoDB: Starting crash recovery.
2014-04-01 15:36:29 1904 [Note] InnoDB: Reading tablespace information from the .ibd files...
2014-04-01 15:36:29 1904 [Note] InnoDB: Restoring possible half-written data pages 
2014-04-01 15:36:29 1904 [Note] InnoDB: from the doublewrite buffer...
2014-04-01 15:36:30 1904 [Note] InnoDB: 128 rollback segment(s) are active.
2014-04-01 15:36:30 1904 [Note] InnoDB: Waiting for purge to start
2014-04-01 15:36:30 1904 [Note] InnoDB: 5.6.13 started; log sequence number 2237505
2014-04-01 15:36:30 1904 [Note] Server hostname (bind-address): '*'; port: 3307
2014-04-01 15:36:30 1904 [Note] IPv6 is available.
2014-04-01 15:36:30 1904 [Note]   - '::' resolves to '::';
2014-04-01 15:36:30 1904 [Note] Server socket created on IP: '::'.
2014-04-01 15:36:30 1904 [Note] Event Scheduler: Loaded 0 events
2014-04-01 15:36:30 1904 [Note] C:\Users\Ron\Documents\GitHub\TieredLogicPrograms/mysql/bin/mysqld_usbwv8.exe: ready for connections.
Version: '5.6.13'  socket: ''  port: 3307  MySQL Community Server (GPL)
2014-04-02 00:16:28 1800 [Note] Plugin 'FEDERATED' is disabled.
2014-04-02 00:16:28 1800 [Note] InnoDB: The InnoDB memory heap is disabled
2014-04-02 00:16:28 1800 [Note] InnoDB: Mutexes and rw_locks use Windows interlocked functions
2014-04-02 00:16:28 1800 [Note] InnoDB: Compressed tables use zlib 1.2.3
2014-04-02 00:16:28 1800 [Note] InnoDB: Not using CPU crc32 instructions
2014-04-02 00:16:28 1800 [Note] InnoDB: Initializing buffer pool, size = 128.0M
2014-04-02 00:16:28 1800 [Note] InnoDB: Completed initialization of buffer pool
2014-04-02 00:16:29 1800 [Note] InnoDB: Highest supported file format is Barracuda.
2014-04-02 00:16:29 1800 [Note] InnoDB: The log sequence numbers 1626134 and 1626134 in ibdata files do not match the log sequence number 2237738 in the ib_logfiles!
2014-04-02 00:16:29 1800 [Note] InnoDB: Database was not shutdown normally!
2014-04-02 00:16:29 1800 [Note] InnoDB: Starting crash recovery.
2014-04-02 00:16:29 1800 [Note] InnoDB: Reading tablespace information from the .ibd files...
2014-04-02 00:16:29 1800 [Note] InnoDB: Restoring possible half-written data pages 
2014-04-02 00:16:29 1800 [Note] InnoDB: from the doublewrite buffer...
2014-04-02 00:16:30 1800 [Note] InnoDB: 128 rollback segment(s) are active.
2014-04-02 00:16:30 1800 [Note] InnoDB: Waiting for purge to start
2014-04-02 00:16:30 1800 [Note] InnoDB: 5.6.13 started; log sequence number 2237738
2014-04-02 00:16:30 1800 [Note] Server hostname (bind-address): '*'; port: 3307
2014-04-02 00:16:30 1800 [Note] IPv6 is available.
2014-04-02 00:16:30 1800 [Note]   - '::' resolves to '::';
2014-04-02 00:16:30 1800 [Note] Server socket created on IP: '::'.
2014-04-02 00:16:31 1800 [Note] Event Scheduler: Loaded 0 events
2014-04-02 00:16:31 1800 [Note] C:\Users\Ron\Documents\GitHub\TieredLogicPrograms/mysql/bin/mysqld_usbwv8.exe: ready for connections.
Version: '5.6.13'  socket: ''  port: 3307  MySQL Community Server (GPL)
2014-04-02 10:11:28 1716 [Note] Plugin 'FEDERATED' is disabled.
2014-04-02 10:11:28 1716 [Note] InnoDB: The InnoDB memory heap is disabled
2014-04-02 10:11:28 1716 [Note] InnoDB: Mutexes and rw_locks use Windows interlocked functions
2014-04-02 10:11:28 1716 [Note] InnoDB: Compressed tables use zlib 1.2.3
2014-04-02 10:11:28 1716 [Note] InnoDB: Not using CPU crc32 instructions
2014-04-02 10:11:28 1716 [Note] InnoDB: Initializing buffer pool, size = 128.0M
2014-04-02 10:11:28 1716 [Note] InnoDB: Completed initialization of buffer pool
2014-04-02 10:11:29 1716 [Note] InnoDB: Highest supported file format is Barracuda.
2014-04-02 10:11:29 1716 [Note] InnoDB: The log sequence numbers 1626134 and 1626134 in ibdata files do not match the log sequence number 2237748 in the ib_logfiles!
2014-04-02 10:11:29 1716 [Note] InnoDB: Database was not shutdown normally!
2014-04-02 10:11:29 1716 [Note] InnoDB: Starting crash recovery.
2014-04-02 10:11:29 1716 [Note] InnoDB: Reading tablespace information from the .ibd files...
2014-04-02 10:11:29 1716 [Note] InnoDB: Restoring possible half-written data pages 
2014-04-02 10:11:29 1716 [Note] InnoDB: from the doublewrite buffer...
2014-04-02 10:11:30 1716 [Note] InnoDB: 128 rollback segment(s) are active.
2014-04-02 10:11:30 1716 [Note] InnoDB: Waiting for purge to start
2014-04-02 10:11:30 1716 [Note] InnoDB: 5.6.13 started; log sequence number 2237748
2014-04-02 10:11:30 1716 [Note] Server hostname (bind-address): '*'; port: 3307
2014-04-02 10:11:30 1716 [Note] IPv6 is available.
2014-04-02 10:11:30 1716 [Note]   - '::' resolves to '::';
2014-04-02 10:11:30 1716 [Note] Server socket created on IP: '::'.
2014-04-02 10:11:33 1716 [Note] Event Scheduler: Loaded 0 events
2014-04-02 10:11:33 1716 [Note] C:\Users\Ron\Documents\GitHub\TieredLogicPrograms/mysql/bin/mysqld_usbwv8.exe: ready for connections.
Version: '5.6.13'  socket: ''  port: 3307  MySQL Community Server (GPL)
2014-04-02 10:36:14 4996 [Note] Plugin 'FEDERATED' is disabled.
2014-04-02 10:36:14 4996 [Note] InnoDB: The InnoDB memory heap is disabled
2014-04-02 10:36:14 4996 [Note] InnoDB: Mutexes and rw_locks use Windows interlocked functions
2014-04-02 10:36:14 4996 [Note] InnoDB: Compressed tables use zlib 1.2.3
2014-04-02 10:36:14 4996 [Note] InnoDB: Not using CPU crc32 instructions
2014-04-02 10:36:14 4996 [Note] InnoDB: Initializing buffer pool, size = 128.0M
2014-04-02 10:36:14 4996 [Note] InnoDB: Completed initialization of buffer pool
2014-04-02 10:36:14 4996 [Note] InnoDB: Highest supported file format is Barracuda.
2014-04-02 10:36:14 4996 [Note] InnoDB: The log sequence numbers 1626134 and 1626134 in ibdata files do not match the log sequence number 2237758 in the ib_logfiles!
2014-04-02 10:36:14 4996 [Note] InnoDB: Database was not shutdown normally!
2014-04-02 10:36:14 4996 [Note] InnoDB: Starting crash recovery.
2014-04-02 10:36:14 4996 [Note] InnoDB: Reading tablespace information from the .ibd files...
2014-04-02 10:36:14 4996 [Note] InnoDB: Restoring possible half-written data pages 
2014-04-02 10:36:14 4996 [Note] InnoDB: from the doublewrite buffer...
2014-04-02 10:36:15 4996 [Note] InnoDB: 128 rollback segment(s) are active.
2014-04-02 10:36:15 4996 [Note] InnoDB: Waiting for purge to start
2014-04-02 10:36:15 4996 [Note] InnoDB: 5.6.13 started; log sequence number 2237758
2014-04-02 10:36:15 4996 [Note] Server hostname (bind-address): '*'; port: 3307
2014-04-02 10:36:15 4996 [Note] IPv6 is available.
2014-04-02 10:36:15 4996 [Note]   - '::' resolves to '::';
2014-04-02 10:36:15 4996 [Note] Server socket created on IP: '::'.
2014-04-02 10:36:15 4996 [Note] Event Scheduler: Loaded 0 events
2014-04-02 10:36:15 4996 [Note] C:\Users\Ron\Documents\GitHub\TieredLogicPrograms/mysql/bin/mysqld_usbwv8.exe: ready for connections.
Version: '5.6.13'  socket: ''  port: 3307  MySQL Community Server (GPL)
2014-04-02 17:50:29 9588 [Note] Plugin 'FEDERATED' is disabled.
2014-04-02 17:50:29 9588 [Note] InnoDB: The InnoDB memory heap is disabled
2014-04-02 17:50:29 9588 [Note] InnoDB: Mutexes and rw_locks use Windows interlocked functions
2014-04-02 17:50:29 9588 [Note] InnoDB: Compressed tables use zlib 1.2.3
2014-04-02 17:50:29 9588 [Note] InnoDB: Not using CPU crc32 instructions
2014-04-02 17:50:29 9588 [Note] InnoDB: Initializing buffer pool, size = 128.0M
2014-04-02 17:50:29 9588 [Note] InnoDB: Completed initialization of buffer pool
2014-04-02 17:50:29 9588 [Note] InnoDB: Highest supported file format is Barracuda.
2014-04-02 17:50:29 9588 [Note] InnoDB: The log sequence numbers 1626134 and 1626134 in ibdata files do not match the log sequence number 2526013 in the ib_logfiles!
2014-04-02 17:50:29 9588 [Note] InnoDB: Database was not shutdown normally!
2014-04-02 17:50:29 9588 [Note] InnoDB: Starting crash recovery.
2014-04-02 17:50:29 9588 [Note] InnoDB: Reading tablespace information from the .ibd files...
2014-04-02 17:50:29 9588 [Note] InnoDB: Restoring possible half-written data pages 
2014-04-02 17:50:29 9588 [Note] InnoDB: from the doublewrite buffer...
2014-04-02 17:50:30 9588 [Note] InnoDB: 128 rollback segment(s) are active.
2014-04-02 17:50:30 9588 [Note] InnoDB: Waiting for purge to start
2014-04-02 17:50:30 9588 [Note] InnoDB: 5.6.13 started; log sequence number 2526013
2014-04-02 17:50:30 9588 [Note] Server hostname (bind-address): '*'; port: 3307
2014-04-02 17:50:30 9588 [Note] IPv6 is available.
2014-04-02 17:50:30 9588 [Note]   - '::' resolves to '::';
2014-04-02 17:50:30 9588 [Note] Server socket created on IP: '::'.
2014-04-02 17:50:31 9588 [Note] Event Scheduler: Loaded 0 events
2014-04-02 17:50:31 9588 [Note] C:\Users\Ron\Documents\GitHub\TieredLogicPrograms/mysql/bin/mysqld_usbwv8.exe: ready for connections.
Version: '5.6.13'  socket: ''  port: 3307  MySQL Community Server (GPL)
2014-04-03 00:04:33 9568 [Note] Plugin 'FEDERATED' is disabled.
2014-04-03 00:04:33 9568 [Note] InnoDB: The InnoDB memory heap is disabled
2014-04-03 00:04:33 9568 [Note] InnoDB: Mutexes and rw_locks use Windows interlocked functions
2014-04-03 00:04:33 9568 [Note] InnoDB: Compressed tables use zlib 1.2.3
2014-04-03 00:04:33 9568 [Note] InnoDB: Not using CPU crc32 instructions
2014-04-03 00:04:33 9568 [Note] InnoDB: Initializing buffer pool, size = 128.0M
2014-04-03 00:04:33 9568 [Note] InnoDB: Completed initialization of buffer pool
2014-04-03 00:04:33 9568 [Note] InnoDB: Highest supported file format is Barracuda.
2014-04-03 00:04:33 9568 [Note] InnoDB: The log sequence numbers 1626134 and 1626134 in ibdata files do not match the log sequence number 2528063 in the ib_logfiles!
2014-04-03 00:04:33 9568 [Note] InnoDB: Database was not shutdown normally!
2014-04-03 00:04:33 9568 [Note] InnoDB: Starting crash recovery.
2014-04-03 00:04:33 9568 [Note] InnoDB: Reading tablespace information from the .ibd files...
2014-04-03 00:04:33 9568 [Note] InnoDB: Restoring possible half-written data pages 
2014-04-03 00:04:33 9568 [Note] InnoDB: from the doublewrite buffer...
2014-04-03 00:04:36 9568 [Note] InnoDB: 128 rollback segment(s) are active.
2014-04-03 00:04:36 9568 [Note] InnoDB: Waiting for purge to start
2014-04-03 00:04:36 9568 [Note] InnoDB: 5.6.13 started; log sequence number 2528063
2014-04-03 00:04:36 9568 [Note] Server hostname (bind-address): '*'; port: 3307
2014-04-03 00:04:37 9568 [Note] IPv6 is available.
2014-04-03 00:04:37 9568 [Note]   - '::' resolves to '::';
2014-04-03 00:04:37 9568 [Note] Server socket created on IP: '::'.
2014-04-03 00:04:37 9568 [Note] Event Scheduler: Loaded 0 events
2014-04-03 00:04:37 9568 [Note] C:\Users\Ron\Documents\GitHub\TieredLogicPrograms/mysql/bin/mysqld_usbwv8.exe: ready for connections.
Version: '5.6.13'  socket: ''  port: 3307  MySQL Community Server (GPL)
2014-04-04 00:47:48 5556 [Note] Plugin 'FEDERATED' is disabled.
2014-04-04 00:47:48 5556 [Note] InnoDB: The InnoDB memory heap is disabled
2014-04-04 00:47:48 5556 [Note] InnoDB: Mutexes and rw_locks use Windows interlocked functions
2014-04-04 00:47:48 5556 [Note] InnoDB: Compressed tables use zlib 1.2.3
2014-04-04 00:47:48 5556 [Note] InnoDB: Not using CPU crc32 instructions
2014-04-04 00:47:48 5556 [Note] InnoDB: Initializing buffer pool, size = 128.0M
2014-04-04 00:47:48 5556 [Note] InnoDB: Completed initialization of buffer pool
2014-04-04 00:47:49 5556 [Note] InnoDB: Highest supported file format is Barracuda.
2014-04-04 00:47:49 5556 [Note] InnoDB: The log sequence numbers 1626134 and 1626134 in ibdata files do not match the log sequence number 2528073 in the ib_logfiles!
2014-04-04 00:47:49 5556 [Note] InnoDB: Database was not shutdown normally!
2014-04-04 00:47:49 5556 [Note] InnoDB: Starting crash recovery.
2014-04-04 00:47:49 5556 [Note] InnoDB: Reading tablespace information from the .ibd files...
2014-04-04 00:47:49 5556 [Note] InnoDB: Restoring possible half-written data pages 
2014-04-04 00:47:49 5556 [Note] InnoDB: from the doublewrite buffer...
2014-04-04 00:47:50 5556 [Note] InnoDB: 128 rollback segment(s) are active.
2014-04-04 00:47:50 5556 [Note] InnoDB: Waiting for purge to start
2014-04-04 00:47:50 5556 [Note] InnoDB: 5.6.13 started; log sequence number 2528073
2014-04-04 00:47:50 5556 [Note] Server hostname (bind-address): '*'; port: 3307
2014-04-04 00:47:50 5556 [Note] IPv6 is available.
2014-04-04 00:47:50 5556 [Note]   - '::' resolves to '::';
2014-04-04 00:47:50 5556 [Note] Server socket created on IP: '::'.
2014-04-04 00:47:51 5556 [Note] Event Scheduler: Loaded 0 events
2014-04-04 00:47:51 5556 [Note] C:\Users\Ron\Documents\GitHub\TieredLogicPrograms/mysql/bin/mysqld_usbwv8.exe: ready for connections.
Version: '5.6.13'  socket: ''  port: 3307  MySQL Community Server (GPL)
2014-04-04 18:54:20 5620 [Note] Plugin 'FEDERATED' is disabled.
2014-04-04 18:54:20 5620 [Note] InnoDB: The InnoDB memory heap is disabled
2014-04-04 18:54:20 5620 [Note] InnoDB: Mutexes and rw_locks use Windows interlocked functions
2014-04-04 18:54:20 5620 [Note] InnoDB: Compressed tables use zlib 1.2.3
2014-04-04 18:54:20 5620 [Note] InnoDB: Not using CPU crc32 instructions
2014-04-04 18:54:20 5620 [Note] InnoDB: Initializing buffer pool, size = 128.0M
2014-04-04 18:54:20 5620 [Note] InnoDB: Completed initialization of buffer pool
2014-04-04 18:54:20 5620 [Note] InnoDB: Highest supported file format is Barracuda.
2014-04-04 18:54:20 5620 [Note] InnoDB: The log sequence numbers 1626134 and 1626134 in ibdata files do not match the log sequence number 2595600 in the ib_logfiles!
2014-04-04 18:54:20 5620 [Note] InnoDB: Database was not shutdown normally!
2014-04-04 18:54:20 5620 [Note] InnoDB: Starting crash recovery.
2014-04-04 18:54:20 5620 [Note] InnoDB: Reading tablespace information from the .ibd files...
2014-04-04 18:54:20 5620 [Note] InnoDB: Restoring possible half-written data pages 
2014-04-04 18:54:20 5620 [Note] InnoDB: from the doublewrite buffer...
2014-04-04 18:54:21 5620 [Note] InnoDB: 128 rollback segment(s) are active.
2014-04-04 18:54:21 5620 [Note] InnoDB: Waiting for purge to start
2014-04-04 18:54:21 5620 [Note] InnoDB: 5.6.13 started; log sequence number 2595600
2014-04-04 18:54:21 5620 [Note] Server hostname (bind-address): '*'; port: 3307
2014-04-04 18:54:21 5620 [Note] IPv6 is available.
2014-04-04 18:54:21 5620 [Note]   - '::' resolves to '::';
2014-04-04 18:54:21 5620 [Note] Server socket created on IP: '::'.
2014-04-04 18:54:22 5620 [Note] Event Scheduler: Loaded 0 events
2014-04-04 18:54:22 5620 [Note] C:\Users\Ron\Documents\GitHub\TieredLogicPrograms/mysql/bin/mysqld_usbwv8.exe: ready for connections.
Version: '5.6.13'  socket: ''  port: 3307  MySQL Community Server (GPL)
2014-04-04 23:07:35 6508 [Note] Plugin 'FEDERATED' is disabled.
2014-04-04 23:07:35 6508 [Note] InnoDB: The InnoDB memory heap is disabled
2014-04-04 23:07:35 6508 [Note] InnoDB: Mutexes and rw_locks use Windows interlocked functions
2014-04-04 23:07:35 6508 [Note] InnoDB: Compressed tables use zlib 1.2.3
2014-04-04 23:07:35 6508 [Note] InnoDB: Not using CPU crc32 instructions
2014-04-04 23:07:35 6508 [Note] InnoDB: Initializing buffer pool, size = 128.0M
2014-04-04 23:07:35 6508 [Note] InnoDB: Completed initialization of buffer pool
2014-04-04 23:07:35 6508 [Note] InnoDB: Highest supported file format is Barracuda.
2014-04-04 23:07:35 6508 [Note] InnoDB: The log sequence numbers 1626134 and 1626134 in ibdata files do not match the log sequence number 2607509 in the ib_logfiles!
2014-04-04 23:07:35 6508 [Note] InnoDB: Database was not shutdown normally!
2014-04-04 23:07:35 6508 [Note] InnoDB: Starting crash recovery.
2014-04-04 23:07:35 6508 [Note] InnoDB: Reading tablespace information from the .ibd files...
2014-04-04 23:07:35 6508 [Note] InnoDB: Restoring possible half-written data pages 
2014-04-04 23:07:35 6508 [Note] InnoDB: from the doublewrite buffer...
2014-04-04 23:07:36 6508 [Note] InnoDB: 128 rollback segment(s) are active.
2014-04-04 23:07:36 6508 [Note] InnoDB: Waiting for purge to start
2014-04-04 23:07:36 6508 [Note] InnoDB: 5.6.13 started; log sequence number 2607509
2014-04-04 23:07:36 6508 [Note] Server hostname (bind-address): '*'; port: 3307
2014-04-04 23:07:36 6508 [Note] IPv6 is available.
2014-04-04 23:07:36 6508 [Note]   - '::' resolves to '::';
2014-04-04 23:07:36 6508 [Note] Server socket created on IP: '::'.
2014-04-04 23:07:37 6508 [Note] Event Scheduler: Loaded 0 events
2014-04-04 23:07:37 6508 [Note] C:\Users\Ron\Documents\GitHub\TieredLogicPrograms/mysql/bin/mysqld_usbwv8.exe: ready for connections.
Version: '5.6.13'  socket: ''  port: 3307  MySQL Community Server (GPL)
2014-04-05 14:44:43 6344 [Note] Plugin 'FEDERATED' is disabled.
2014-04-05 14:44:43 6344 [Note] InnoDB: The InnoDB memory heap is disabled
2014-04-05 14:44:43 6344 [Note] InnoDB: Mutexes and rw_locks use Windows interlocked functions
2014-04-05 14:44:43 6344 [Note] InnoDB: Compressed tables use zlib 1.2.3
2014-04-05 14:44:43 6344 [Note] InnoDB: Not using CPU crc32 instructions
2014-04-05 14:44:43 6344 [Note] InnoDB: Initializing buffer pool, size = 128.0M
2014-04-05 14:44:43 6344 [Note] InnoDB: Completed initialization of buffer pool
2014-04-05 14:44:44 6344 [Note] InnoDB: Highest supported file format is Barracuda.
2014-04-05 14:44:44 6344 [Note] InnoDB: The log sequence numbers 1626134 and 1626134 in ibdata files do not match the log sequence number 2607519 in the ib_logfiles!
2014-04-05 14:44:44 6344 [Note] InnoDB: Database was not shutdown normally!
2014-04-05 14:44:44 6344 [Note] InnoDB: Starting crash recovery.
2014-04-05 14:44:44 6344 [Note] InnoDB: Reading tablespace information from the .ibd files...
2014-04-05 14:44:44 6344 [Note] InnoDB: Restoring possible half-written data pages 
2014-04-05 14:44:44 6344 [Note] InnoDB: from the doublewrite buffer...
2014-04-05 14:44:45 6344 [Note] InnoDB: 128 rollback segment(s) are active.
2014-04-05 14:44:45 6344 [Note] InnoDB: Waiting for purge to start
2014-04-05 14:44:45 6344 [Note] InnoDB: 5.6.13 started; log sequence number 2607519
2014-04-05 14:44:45 6344 [Note] Server hostname (bind-address): '*'; port: 3307
2014-04-05 14:44:45 6344 [Note] IPv6 is available.
2014-04-05 14:44:45 6344 [Note]   - '::' resolves to '::';
2014-04-05 14:44:45 6344 [Note] Server socket created on IP: '::'.
2014-04-05 14:44:46 6344 [Note] Event Scheduler: Loaded 0 events
2014-04-05 14:44:46 6344 [Note] C:\Users\Ron\Documents\GitHub\TieredLogicPrograms/mysql/bin/mysqld_usbwv8.exe: ready for connections.
Version: '5.6.13'  socket: ''  port: 3307  MySQL Community Server (GPL)
